<?xml version="1.0" encoding="UTF-8"?>
<testsuite xmlns:xsi="http://www.w3.org/2001/XMLSchema-instance" xsi:noNamespaceSchemaLocation="https://maven.apache.org/surefire/maven-surefire-plugin/xsd/surefire-test-report-3.0.xsd" version="3.0" name="com.gerardo.curso.springboot.webapp.springboot_web.SpringbootWebApplicationTests" time="2.807" tests="1" errors="0" skipped="0" failures="0">
  <properties>
[...]
</properties>
  <testcase name="contextLoads" classname="com.gerardo.curso.springboot.webapp.springboot_web.SpringbootWebApplicationTests" time="0.686">
    <system-out><![CDATA[09:55:35.529 [main] INFO org.springframework.test.context.support.AnnotationConfigContextLoaderUtils -- Could not detect default configuration classes for test class [com.gerardo.curso.springboot.webapp.springboot_web.SpringbootWebApplicationTests]: SpringbootWebApplicationTests does not declare any static, non-private, non-final, nested classes annotated with @Configuration.
09:55:35.612 [main] INFO org.springframework.boot.test.context.SpringBootTestContextBootstrapper -- Found @SpringBootConfiguration com.gerardo.curso.springboot.webapp.springboot_web.SpringbootWebApplication for test class com.gerardo.curso.springboot.webapp.springboot_web.SpringbootWebApplicationTests
09:55:35.760 [main] INFO org.springframework.boot.devtools.restart.RestartApplicationListener -- Restart disabled due to context in which it is running

  .   ____          _            __ _ _
 /\\ / ___'_ __ _ _(_)_ __  __ _ \ \ \ \
( ( )\___ | '_ | '_| | '_ \/ _` | \ \ \ \
 \\/  ___)| |_)| | | | | || (_| |  ) ) ) )
  '  |____| .__|_| |_|_| |_\__, | / / / /
 =========|_|==============|___/=/_/_/_/

 :: Spring Boot ::                (v3.3.3)

2024-09-17T09:55:35.969+02:00  INFO 16332 --- [springboot-web] [           main] .g.c.s.w.s.SpringbootWebApplicationTests : Starting SpringbootWebApplicationTests using Java 21.0.2 with PID 16332 (started by geja2 in c:\Users\geja2\Desktop\WEB\springboot-web)
2024-09-17T09:55:35.971+02:00  INFO 16332 --- [springboot-web] [           main] .g.c.s.w.s.SpringbootWebApplicationTests : No active profile set, falling back to 1 default profile: "default"
2024-09-17T09:55:37.371+02:00  INFO 16332 --- [springboot-web] [           main] o.s.b.a.e.web.EndpointLinksResolver      : Exposing 1 endpoint beneath base path '/actuator'
2024-09-17T09:55:37.419+02:00  INFO 16332 --- [springboot-web] [           main] .g.c.s.w.s.SpringbootWebApplicationTests : Started SpringbootWebApplicationTests in 1.67 seconds (process running for 2.485)
]]></system-out>
    <system-err><![CDATA[WARNING: A Java agent has been loaded dynamically (C:\Users\geja2\.m2\repository\net\bytebuddy\byte-buddy-agent\1.14.19\byte-buddy-agent-1.14.19.jar)
WARNING: If a serviceability tool is in use, please run with -XX:+EnableDynamicAgentLoading to hide this warning
WARNING: If a serviceability tool is not in use, please run with -Djdk.instrument.traceUsage for more information
WARNING: Dynamic loading of agents will be disallowed by default in a future release
]]></system-err>
  </testcase>
</testsuite>